TN:
SF:calculator/add.js
FN:1,add
FNF:1
FNH:1
FNDA:1,add
DA:2,1
DA:5,1
LF:2
LH:2
BRF:0
BRH:0
end_of_record
TN:
SF:calculator/div.js
FN:1,div
FNF:1
FNH:0
FNDA:0,div
DA:2,0
DA:5,1
LF:2
LH:1
BRF:0
BRH:0
end_of_record
TN:
SF:calculator/mult.js
FN:1,mult
FNF:1
FNH:0
FNDA:0,mult
DA:2,0
DA:5,1
LF:2
LH:1
BRF:0
BRH:0
end_of_record
TN:
SF:calculator/sub.js
FN:1,sub
FNF:1
FNH:1
FNDA:1,sub
DA:2,1
DA:5,1
LF:2
LH:2
BRF:0
BRH:0
end_of_record
TN:
SF:devlife/Player.js
FN:2,(anonymous_0)
FN:9,(anonymous_1)
FNF:2
FNH:2
FNDA:2,(anonymous_0)
FNDA:1,(anonymous_1)
DA:3,2
DA:4,2
DA:5,2
DA:6,2
DA:10,1
DA:15,1
LF:6
LH:6
BRF:0
BRH:0
end_of_record
